libEGL warning: failed to open /dev/dri/card1: Permission denied

libEGL warning: failed to open /dev/dri/card1: Permission denied

libEGL warning: failed to open /dev/dri/card1: Permission denied

The XKEYBOARD keymap compiler (xkbcomp) reports:
> Warning:          Could not resolve keysym XF86CameraAccessEnable
> Warning:          Could not resolve keysym XF86CameraAccessDisable
> Warning:          Could not resolve keysym XF86CameraAccessToggle
> Warning:          Could not resolve keysym XF86NextElement
> Warning:          Could not resolve keysym XF86PreviousElement
> Warning:          Could not resolve keysym XF86AutopilotEngageToggle
> Warning:          Could not resolve keysym XF86MarkWaypoint
> Warning:          Could not resolve keysym XF86Sos
> Warning:          Could not resolve keysym XF86NavChart
> Warning:          Could not resolve keysym XF86FishingChart
> Warning:          Could not resolve keysym XF86SingleRangeRadar
> Warning:          Could not resolve keysym XF86DualRangeRadar
> Warning:          Could not resolve keysym XF86RadarOverlay
> Warning:          Could not resolve keysym XF86TraditionalSonar
> Warning:          Could not resolve keysym XF86ClearvuSonar
> Warning:          Could not resolve keysym XF86SidevuSonar
> Warning:          Could not resolve keysym XF86NavInfo
Errors from xkbcomp are not fatal to the X server
[16:11:52] ATCG(info): OpenGL Renderer:
[16:11:52] ATCG(info):     Vendor: NVIDIA Corporation
[16:11:52] ATCG(info):     Renderer: NVIDIA GeForce RTX 3090/PCIe/SSE2
[16:11:52] ATCG(info):     Version: 4.6.0 NVIDIA 590.48.01
[16:11:52] ATCG(info): ---------------------------------
[16:11:53] ATCG(info): RendererSystem supports 192 texture units.
[16:11:53] ATCG(info): Initialized Scripting engine
[DEBUG] importCameras: Targeting 1080p
[16:11:53] ATCG(info): OpenGL Renderer:
[16:11:53] ATCG(info):     Vendor: NVIDIA Corporation
[16:11:53] ATCG(info):     Renderer: NVIDIA GeForce RTX 3090/PCIe/SSE2
[16:11:53] ATCG(info):     Version: 4.6.0 NVIDIA 590.48.01
[16:11:53] ATCG(info): ---------------------------------
[16:11:53] ATCG(info): RendererSystem supports 192 texture units.
[16:11:53] ATCG(info): OpenGL Renderer:
[16:11:53] ATCG(info):     Vendor: NVIDIA Corporation
[16:11:53] ATCG(info):     Renderer: NVIDIA GeForce RTX 3090/PCIe/SSE2
[16:11:53] ATCG(info):     Version: 4.6.0 NVIDIA 590.48.01
[16:11:53] ATCG(info): ---------------------------------
[16:11:53] ATCG(info): RendererSystem supports 192 texture units.
[DEBUG] getDepths starting for frame: 0
[DEBUG] Orbbec Depth (D003L) Shape: [1080, 1920, 1] | Min: 0 | Max: 3 | Mean: 1.81671
[DEBUG] Orbbec Depth (D005Z) Shape: [1080, 1920, 1] | Min: 0 | Max: 3 | Mean: 1.75591
[DEBUG] getMasks starting for frame: 0

[INSPECTION] Validating Inputs for frame: 0
[INSPECTION] Masks Shape: [36, 1080, 1920, 1] | Max: 1
[INSPECTION] Depth Shape: [36, 1080, 1920, 1] | Max: 3
[INSPECTION] Origin (0,0,0) projects to:  0.3389
-0.1238
 0.9327
 2.6470
[ CPUFloatType{4} ]
[INSPECTION] --------------------------------------

[WARNING] Visual hull returned empty mesh!
[DEBUG] Reconstruction vertices count: 0
[16:11:53] ATCG(warning): Reconstruction failed for frame 0, skipping...
[DEBUG] getDepths starting for frame: 1
[DEBUG] Orbbec Depth (D003L) Shape: [1080, 1920, 1] | Min: 0 | Max: 3 | Mean: 1.83458
[DEBUG] Orbbec Depth (D005Z) Shape: [1080, 1920, 1] | Min: 0 | Max: 3 | Mean: 1.77646
[DEBUG] getMasks starting for frame: 1

[INSPECTION] Validating Inputs for frame: 1
[INSPECTION] Masks Shape: [36, 1080, 1920, 1] | Max: 1
[INSPECTION] Depth Shape: [36, 1080, 1920, 1] | Max: 3
[INSPECTION] Origin (0,0,0) projects to:  0.3389
-0.1238
 0.9327
 2.6470
[ CPUFloatType{4} ]
[INSPECTION] --------------------------------------

[WARNING] Visual hull returned empty mesh!
[DEBUG] Reconstruction vertices count: 0
[16:11:53] ATCG(warning): Reconstruction failed for frame 1, skipping...
[DEBUG] getDepths starting for frame: 2
[DEBUG] Orbbec Depth (D003L) Shape: [1080, 1920, 1] | Min: 0 | Max: 3 | Mean: 1.85113
[DEBUG] Orbbec Depth (D005Z) Shape: [1080, 1920, 1] | Min: 0 | Max: 3 | Mean: 1.80781
[DEBUG] getMasks starting for frame: 2

[INSPECTION] Validating Inputs for frame: 2
[INSPECTION] Masks Shape: [36, 1080, 1920, 1] | Max: 1
[INSPECTION] Depth Shape: [36, 1080, 1920, 1] | Max: 3
[INSPECTION] Origin (0,0,0) projects to:  0.3389
-0.1238
 0.9327
 2.6470
[ CPUFloatType{4} ]
[INSPECTION] --------------------------------------

[WARNING] Visual hull returned empty mesh!
[DEBUG] Reconstruction vertices count: 0
[16:11:53] ATCG(warning): Reconstruction failed for frame 2, skipping...
[DEBUG] getDepths starting for frame: 3
[DEBUG] Orbbec Depth (D003L) Shape: [1080, 1920, 1] | Min: 0 | Max: 3 | Mean: 1.86098
[DEBUG] Orbbec Depth (D005Z) Shape: [1080, 1920, 1] | Min: 0 | Max: 3 | Mean: 1.80291
[DEBUG] getMasks starting for frame: 3

[INSPECTION] Validating Inputs for frame: 3
[INSPECTION] Masks Shape: [36, 1080, 1920, 1] | Max: 1
[INSPECTION] Depth Shape: [36, 1080, 1920, 1] | Max: 3
[INSPECTION] Origin (0,0,0) projects to:  0.3389
-0.1238
 0.9327
 2.6470
[ CPUFloatType{4} ]
[INSPECTION] --------------------------------------

[WARNING] Visual hull returned empty mesh!
[DEBUG] Reconstruction vertices count: 0
[16:11:54] ATCG(warning): Reconstruction failed for frame 3, skipping...
[DEBUG] getDepths starting for frame: 4
[DEBUG] Orbbec Depth (D003L) Shape: [1080, 1920, 1] | Min: 0 | Max: 3 | Mean: 1.85233
[DEBUG] Orbbec Depth (D005Z) Shape: [1080, 1920, 1] | Min: 0 | Max: 3 | Mean: 1.79895
[DEBUG] getMasks starting for frame: 4

[INSPECTION] Validating Inputs for frame: 4
[INSPECTION] Masks Shape: [36, 1080, 1920, 1] | Max: 1
[INSPECTION] Depth Shape: [36, 1080, 1920, 1] | Max: 3
[INSPECTION] Origin (0,0,0) projects to:  0.3389
-0.1238
 0.9327
 2.6470
[ CPUFloatType{4} ]
[INSPECTION] --------------------------------------

[WARNING] Visual hull returned empty mesh!
[DEBUG] Reconstruction vertices count: 0
[16:11:54] ATCG(warning): Reconstruction failed for frame 4, skipping...
[DEBUG] getDepths starting for frame: 5
[DEBUG] Orbbec Depth (D003L) Shape: [1080, 1920, 1] | Min: 0 | Max: 3 | Mean: 1.84526
[DEBUG] Orbbec Depth (D005Z) Shape: [1080, 1920, 1] | Min: 0 | Max: 3 | Mean: 1.78643
[DEBUG] getMasks starting for frame: 5

[INSPECTION] Validating Inputs for frame: 5
[INSPECTION] Masks Shape: [36, 1080, 1920, 1] | Max: 1
[INSPECTION] Depth Shape: [36, 1080, 1920, 1] | Max: 3
[INSPECTION] Origin (0,0,0) projects to:  0.3389
-0.1238
 0.9327
 2.6470
[ CPUFloatType{4} ]
[INSPECTION] --------------------------------------

[WARNING] Visual hull returned empty mesh!
[DEBUG] Reconstruction vertices count: 0
[16:11:54] ATCG(warning): Reconstruction failed for frame 5, skipping...
[DEBUG] getDepths starting for frame: 6
[DEBUG] Orbbec Depth (D003L) Shape: [1080, 1920, 1] | Min: 0 | Max: 3 | Mean: 1.83088
[DEBUG] Orbbec Depth (D005Z) Shape: [1080, 1920, 1] | Min: 0 | Max: 3 | Mean: 1.77237
[DEBUG] getMasks starting for frame: 6

[INSPECTION] Validating Inputs for frame: 6
[INSPECTION] Masks Shape: [36, 1080, 1920, 1] | Max: 1
[INSPECTION] Depth Shape: [36, 1080, 1920, 1] | Max: 3
[INSPECTION] Origin (0,0,0) projects to:  0.3389
-0.1238
 0.9327
 2.6470
[ CPUFloatType{4} ]
[INSPECTION] --------------------------------------

[WARNING] Visual hull returned empty mesh!
[DEBUG] Reconstruction vertices count: 0
[16:11:54] ATCG(warning): Reconstruction failed for frame 6, skipping...
[DEBUG] getDepths starting for frame: 7
[DEBUG] Orbbec Depth (D003L) Shape: [1080, 1920, 1] | Min: 0 | Max: 3 | Mean: 1.79774
[DEBUG] Orbbec Depth (D005Z) Shape: [1080, 1920, 1] | Min: 0 | Max: 3 | Mean: 1.72505
[DEBUG] getMasks starting for frame: 7

[INSPECTION] Validating Inputs for frame: 7
[INSPECTION] Masks Shape: [36, 1080, 1920, 1] | Max: 1
[INSPECTION] Depth Shape: [36, 1080, 1920, 1] | Max: 3
[INSPECTION] Origin (0,0,0) projects to:  0.3389
-0.1238
 0.9327
 2.6470
[ CPUFloatType{4} ]
[INSPECTION] --------------------------------------

[WARNING] Visual hull returned empty mesh!
[DEBUG] Reconstruction vertices count: 0
[16:11:54] ATCG(warning): Reconstruction failed for frame 7, skipping...
[DEBUG] getDepths starting for frame: 8
[DEBUG] Orbbec Depth (D003L) Shape: [1080, 1920, 1] | Min: 0 | Max: 3 | Mean: 1.75436
[DEBUG] Orbbec Depth (D005Z) Shape: [1080, 1920, 1] | Min: 0 | Max: 3 | Mean: 1.67835
[DEBUG] getMasks starting for frame: 8

[INSPECTION] Validating Inputs for frame: 8
[INSPECTION] Masks Shape: [36, 1080, 1920, 1] | Max: 1
[INSPECTION] Depth Shape: [36, 1080, 1920, 1] | Max: 3
[INSPECTION] Origin (0,0,0) projects to:  0.3389
-0.1238
 0.9327
 2.6470
[ CPUFloatType{4} ]
[INSPECTION] --------------------------------------

[WARNING] Visual hull returned empty mesh!
[DEBUG] Reconstruction vertices count: 0
[16:11:54] ATCG(warning): Reconstruction failed for frame 8, skipping...
[DEBUG] getDepths starting for frame: 9
[DEBUG] Orbbec Depth (D003L) Shape: [1080, 1920, 1] | Min: 0 | Max: 3 | Mean: 1.82263
[DEBUG] Orbbec Depth (D005Z) Shape: [1080, 1920, 1] | Min: 0 | Max: 3 | Mean: 1.75559
[DEBUG] getMasks starting for frame: 9

[INSPECTION] Validating Inputs for frame: 9
[INSPECTION] Masks Shape: [36, 1080, 1920, 1] | Max: 1
[INSPECTION] Depth Shape: [36, 1080, 1920, 1] | Max: 3
[INSPECTION] Origin (0,0,0) projects to:  0.3389
-0.1238
 0.9327
 2.6470
[ CPUFloatType{4} ]
[INSPECTION] --------------------------------------

[WARNING] Visual hull returned empty mesh!
[DEBUG] Reconstruction vertices count: 0
[16:11:54] ATCG(warning): Reconstruction failed for frame 9, skipping...
[DEBUG] getDepths starting for frame: 10
[DEBUG] Orbbec Depth (D003L) Shape: [1080, 1920, 1] | Min: 0 | Max: 3 | Mean: 1.85771
[DEBUG] Orbbec Depth (D005Z) Shape: [1080, 1920, 1] | Min: 0 | Max: 3 | Mean: 1.81304
[DEBUG] getMasks starting for frame: 10

[INSPECTION] Validating Inputs for frame: 10
[INSPECTION] Masks Shape: [36, 1080, 1920, 1] | Max: 1
[INSPECTION] Depth Shape: [36, 1080, 1920, 1] | Max: 3
[INSPECTION] Origin (0,0,0) projects to:  0.3389
-0.1238
 0.9327
 2.6470
[ CPUFloatType{4} ]
[INSPECTION] --------------------------------------

[WARNING] Visual hull returned empty mesh!
[DEBUG] Reconstruction vertices count: 0
[16:11:54] ATCG(warning): Reconstruction failed for frame 10, skipping...
[16:11:54] ATCG(info): Shutting down Scripting engine...
[16:11:54] ATCG(info): Memory statistics: Bytes freed/Bytes allocated (Bytes leaked)
[16:11:54] ATCG(info): Host: 8480/8480 (0)
[16:11:54] ATCG(info): Device: 288/288 (0)
libEGL warning: failed to open /dev/dri/card1: Permission denied

libEGL warning: failed to open /dev/dri/card1: Permission denied

libEGL warning: failed to open /dev/dri/card1: Permission denied

The XKEYBOARD keymap compiler (xkbcomp) reports:
> Warning:          Could not resolve keysym XF86CameraAccessEnable
> Warning:          Could not resolve keysym XF86CameraAccessDisable
> Warning:          Could not resolve keysym XF86CameraAccessToggle
> Warning:          Could not resolve keysym XF86NextElement
> Warning:          Could not resolve keysym XF86PreviousElement
> Warning:          Could not resolve keysym XF86AutopilotEngageToggle
> Warning:          Could not resolve keysym XF86MarkWaypoint
> Warning:          Could not resolve keysym XF86Sos
> Warning:          Could not resolve keysym XF86NavChart
> Warning:          Could not resolve keysym XF86FishingChart
> Warning:          Could not resolve keysym XF86SingleRangeRadar
> Warning:          Could not resolve keysym XF86DualRangeRadar
> Warning:          Could not resolve keysym XF86RadarOverlay
> Warning:          Could not resolve keysym XF86TraditionalSonar
> Warning:          Could not resolve keysym XF86ClearvuSonar
> Warning:          Could not resolve keysym XF86SidevuSonar
> Warning:          Could not resolve keysym XF86NavInfo
Errors from xkbcomp are not fatal to the X server
